<?xml version="1.0" encoding="UTF-8"?>
<testng-results skipped="0" failed="0" total="1" passed="1">
  <reporter-output>
  </reporter-output>
  <suite name="Command line suite" duration-ms="193804" started-at="2017-08-30T13:17:40Z" finished-at="2017-08-30T13:20:53Z">
    <groups>
      <group name="openscad-test-suite">
        <method signature="org.onebeartoe.modeling.openscad.test.suite.CleanMeTest.testB()" name="testB" class="org.onebeartoe.modeling.openscad.test.suite.CleanMeTest"/>
      </group>
    </groups>
    <test name="Command line test" duration-ms="193804" started-at="2017-08-30T13:17:40Z" finished-at="2017-08-30T13:20:53Z">
      <class name="org.onebeartoe.modeling.openscad.test.suite.CleanMeTest">
        <test-method status="PASS" signature="testB()" name="testB" duration-ms="14" started-at="2017-08-30T13:17:40Z" finished-at="2017-08-30T13:17:40Z">
        </test-method>
      </class>
    </test>
  </suite>
</testng-results>
